[Tue Jun 18 17:59:32.940872 2024] [ssl:warn] [pid 17156:tid 400] AH01909: www.example.com:443:0 server certificate does NOT include an ID which matches the server name
[Tue Jun 18 17:59:32.980623 2024] [core:warn] [pid 17156:tid 400] AH00098: pid file C:/Users/fortz/Desktop/Work/apache/logs/httpd.pid overwritten -- Unclean shutdown of previous Apache run?
[Tue Jun 18 17:59:32.982630 2024] [ssl:warn] [pid 17156:tid 400] AH01909: www.example.com:443:0 server certificate does NOT include an ID which matches the server name
[Tue Jun 18 17:59:33.009120 2024] [mpm_winnt:notice] [pid 17156:tid 400] AH00455: Apache/2.4.56 (Win64) OpenSSL/1.1.1t PHP/8.2.4 configured -- resuming normal operations
[Tue Jun 18 17:59:33.009120 2024] [mpm_winnt:notice] [pid 17156:tid 400] AH00456: Apache Lounge VS16 Server built: Mar  7 2023 13:21:03
[Tue Jun 18 17:59:33.009120 2024] [core:notice] [pid 17156:tid 400] AH00094: Command line: 'c:\\users\\fortz\\desktop\\work\\apache\\bin\\httpd.exe -d C:/Users/fortz/Desktop/Work/apache'
[Tue Jun 18 17:59:33.013119 2024] [mpm_winnt:notice] [pid 17156:tid 400] AH00418: Parent: Created child process 5896
[Tue Jun 18 17:59:33.295178 2024] [ssl:warn] [pid 5896:tid 412] AH01909: www.example.com:443:0 server certificate does NOT include an ID which matches the server name
[Tue Jun 18 17:59:33.321724 2024] [ssl:warn] [pid 5896:tid 412] AH01909: www.example.com:443:0 server certificate does NOT include an ID which matches the server name
[Tue Jun 18 17:59:33.344790 2024] [mpm_winnt:notice] [pid 5896:tid 412] AH00354: Child: Starting 150 worker threads.
[Tue Jun 18 18:25:07.735236 2024] [php:warn] [pid 5896:tid 1920] [client ::1:53319] PHP Warning:  Undefined array key "username" in C:\\Users\\fortz\\Desktop\\Work\\htdocs\\reservations.php on line 340
[Tue Jun 18 18:25:31.482185 2024] [php:warn] [pid 5896:tid 1892] [client ::1:53349] PHP Warning:  Undefined array key "username" in C:\\Users\\fortz\\Desktop\\Work\\htdocs\\home.php on line 340, referer: http://localhost:8080/reservations.php
[Tue Jun 18 18:32:11.918420 2024] [php:warn] [pid 5896:tid 1916] [client ::1:53753] PHP Warning:  Undefined array key "location" in C:\\Users\\fortz\\Desktop\\Work\\htdocs\\get_reservations_user.php on line 4, referer: http://localhost:8080/reservations.php
[Tue Jun 18 18:32:11.918420 2024] [php:error] [pid 5896:tid 1916] [client ::1:53753] PHP Fatal error:  Uncaught mysqli_sql_exception: Not unique table/alias: 'reservations' in C:\\Users\\fortz\\Desktop\\Work\\htdocs\\get_reservations_user.php:10\nStack trace:\n#0 C:\\Users\\fortz\\Desktop\\Work\\htdocs\\get_reservations_user.php(10): mysqli->query('SELECT\\r\\n  reser...')\n#1 {main}\n  thrown in C:\\Users\\fortz\\Desktop\\Work\\htdocs\\get_reservations_user.php on line 10, referer: http://localhost:8080/reservations.php
[Tue Jun 18 18:32:28.479670 2024] [php:warn] [pid 5896:tid 1896] [client ::1:53754] PHP Warning:  Undefined variable $location in C:\\Users\\fortz\\Desktop\\Work\\htdocs\\get_reservations_user.php on line 15, referer: http://localhost:8080/reservations.php
[Tue Jun 18 18:32:28.479670 2024] [php:error] [pid 5896:tid 1896] [client ::1:53754] PHP Fatal error:  Uncaught mysqli_sql_exception: Not unique table/alias: 'reservations' in C:\\Users\\fortz\\Desktop\\Work\\htdocs\\get_reservations_user.php:9\nStack trace:\n#0 C:\\Users\\fortz\\Desktop\\Work\\htdocs\\get_reservations_user.php(9): mysqli->query('SELECT\\r\\n  reser...')\n#1 {main}\n  thrown in C:\\Users\\fortz\\Desktop\\Work\\htdocs\\get_reservations_user.php on line 9, referer: http://localhost:8080/reservations.php
[Tue Jun 18 18:33:53.211662 2024] [php:error] [pid 5896:tid 1896] [client ::1:65109] PHP Fatal error:  Uncaught mysqli_sql_exception: Not unique table/alias: 'reservations' in C:\\Users\\fortz\\Desktop\\Work\\htdocs\\get_reservations_user.php:9\nStack trace:\n#0 C:\\Users\\fortz\\Desktop\\Work\\htdocs\\get_reservations_user.php(9): mysqli->query('SELECT\\r\\n  reser...')\n#1 {main}\n  thrown in C:\\Users\\fortz\\Desktop\\Work\\htdocs\\get_reservations_user.php on line 9, referer: http://localhost:8080/reservations.php
[Tue Jun 18 18:34:13.593961 2024] [php:warn] [pid 5896:tid 1896] [client ::1:65134] PHP Warning:  Undefined global variable $_SESSION in C:\\Users\\fortz\\Desktop\\Work\\htdocs\\get_reservations_user.php on line 27, referer: http://localhost:8080/reservations.php
[Tue Jun 18 18:51:44.226267 2024] [php:warn] [pid 5896:tid 1896] [client ::1:49764] PHP Warning:  Undefined variable $results in C:\\Users\\fortz\\Desktop\\Work\\htdocs\\get_reservations_user.php on line 24, referer: http://localhost:8080/reservations.php
[Tue Jun 18 18:58:32.285213 2024] [php:error] [pid 5896:tid 1896] [client ::1:56993] PHP Fatal error:  Uncaught mysqli_sql_exception: You have an error in your SQL syntax; check the manual that corresponds to your MariaDB server version for the right syntax to use near 'hotel_id\r\n                        LEFT JOIN rooms t3 USING room_id\r\n         ...' at line 3 in C:\\Users\\fortz\\Desktop\\Work\\htdocs\\get_reservations_user.php:8\nStack trace:\n#0 C:\\Users\\fortz\\Desktop\\Work\\htdocs\\get_reservations_user.php(8): mysqli->prepare('SELECT t1.statu...')\n#1 {main}\n  thrown in C:\\Users\\fortz\\Desktop\\Work\\htdocs\\get_reservations_user.php on line 8, referer: http://localhost:8080/reservations.php
[Tue Jun 18 19:48:24.912651 2024] [ssl:warn] [pid 14748:tid 468] AH01909: www.example.com:443:0 server certificate does NOT include an ID which matches the server name
[Tue Jun 18 19:48:24.947376 2024] [core:warn] [pid 14748:tid 468] AH00098: pid file C:/Users/fortz/Desktop/Work/apache/logs/httpd.pid overwritten -- Unclean shutdown of previous Apache run?
[Tue Jun 18 19:48:24.948903 2024] [ssl:warn] [pid 14748:tid 468] AH01909: www.example.com:443:0 server certificate does NOT include an ID which matches the server name
[Tue Jun 18 19:48:24.971924 2024] [mpm_winnt:notice] [pid 14748:tid 468] AH00455: Apache/2.4.56 (Win64) OpenSSL/1.1.1t PHP/8.2.4 configured -- resuming normal operations
[Tue Jun 18 19:48:24.971924 2024] [mpm_winnt:notice] [pid 14748:tid 468] AH00456: Apache Lounge VS16 Server built: Mar  7 2023 13:21:03
[Tue Jun 18 19:48:24.971924 2024] [core:notice] [pid 14748:tid 468] AH00094: Command line: 'c:\\users\\fortz\\desktop\\work\\apache\\bin\\httpd.exe -d C:/Users/fortz/Desktop/Work/apache'
[Tue Jun 18 19:48:24.974924 2024] [mpm_winnt:notice] [pid 14748:tid 468] AH00418: Parent: Created child process 12312
[Tue Jun 18 19:48:25.253171 2024] [ssl:warn] [pid 12312:tid 448] AH01909: www.example.com:443:0 server certificate does NOT include an ID which matches the server name
[Tue Jun 18 19:48:25.279441 2024] [ssl:warn] [pid 12312:tid 448] AH01909: www.example.com:443:0 server certificate does NOT include an ID which matches the server name
[Tue Jun 18 19:48:25.302971 2024] [mpm_winnt:notice] [pid 12312:tid 448] AH00354: Child: Starting 150 worker threads.
[Tue Jun 18 19:56:36.663401 2024] [php:error] [pid 12312:tid 1968] [client ::1:51758] PHP Fatal error:  Uncaught mysqli_sql_exception: Unknown column 'id' in 'where clause' in C:\\Users\\fortz\\Desktop\\Work\\htdocs\\cancel_reservation.php:13\nStack trace:\n#0 C:\\Users\\fortz\\Desktop\\Work\\htdocs\\cancel_reservation.php(13): mysqli->query('UPDATE reservat...')\n#1 {main}\n  thrown in C:\\Users\\fortz\\Desktop\\Work\\htdocs\\cancel_reservation.php on line 13, referer: http://localhost:8080/reservations.php
[Tue Jun 18 20:16:36.574878 2024] [ssl:warn] [pid 22220:tid 412] AH01909: www.example.com:443:0 server certificate does NOT include an ID which matches the server name
[Tue Jun 18 20:16:36.609248 2024] [core:warn] [pid 22220:tid 412] AH00098: pid file C:/Users/fortz/Desktop/Work/apache/logs/httpd.pid overwritten -- Unclean shutdown of previous Apache run?
[Tue Jun 18 20:16:36.611249 2024] [ssl:warn] [pid 22220:tid 412] AH01909: www.example.com:443:0 server certificate does NOT include an ID which matches the server name
[Tue Jun 18 20:16:36.633789 2024] [mpm_winnt:notice] [pid 22220:tid 412] AH00455: Apache/2.4.56 (Win64) OpenSSL/1.1.1t PHP/8.2.4 configured -- resuming normal operations
[Tue Jun 18 20:16:36.633789 2024] [mpm_winnt:notice] [pid 22220:tid 412] AH00456: Apache Lounge VS16 Server built: Mar  7 2023 13:21:03
[Tue Jun 18 20:16:36.633789 2024] [core:notice] [pid 22220:tid 412] AH00094: Command line: 'c:\\users\\fortz\\desktop\\work\\apache\\bin\\httpd.exe -d C:/Users/fortz/Desktop/Work/apache'
[Tue Jun 18 20:16:36.637793 2024] [mpm_winnt:notice] [pid 22220:tid 412] AH00418: Parent: Created child process 6328
[Tue Jun 18 20:16:36.908832 2024] [ssl:warn] [pid 6328:tid 404] AH01909: www.example.com:443:0 server certificate does NOT include an ID which matches the server name
[Tue Jun 18 20:16:36.935484 2024] [ssl:warn] [pid 6328:tid 404] AH01909: www.example.com:443:0 server certificate does NOT include an ID which matches the server name
[Tue Jun 18 20:16:36.959016 2024] [mpm_winnt:notice] [pid 6328:tid 404] AH00354: Child: Starting 150 worker threads.
[Tue Jun 18 20:30:34.426040 2024] [php:warn] [pid 6328:tid 1948] [client 127.0.0.1:53897] PHP Warning:  Undefined array key "username" in C:\\Users\\fortz\\Desktop\\Work\\htdocs\\hotel.php on line 347
[Tue Jun 18 21:13:41.771494 2024] [php:warn] [pid 6328:tid 1932] [client ::1:56474] PHP Warning:  Undefined variable $room_id in C:\\Users\\fortz\\Desktop\\Work\\htdocs\\submit_reservations.php on line 15, referer: http://localhost:8080/hotel.php?hotelId=2
[Tue Jun 18 21:13:41.772504 2024] [php:warn] [pid 6328:tid 1932] [client ::1:56474] PHP Warning:  Undefined variable $start_date in C:\\Users\\fortz\\Desktop\\Work\\htdocs\\submit_reservations.php on line 15, referer: http://localhost:8080/hotel.php?hotelId=2
[Tue Jun 18 21:13:41.772504 2024] [php:warn] [pid 6328:tid 1932] [client ::1:56474] PHP Warning:  Undefined variable $end_date in C:\\Users\\fortz\\Desktop\\Work\\htdocs\\submit_reservations.php on line 15, referer: http://localhost:8080/hotel.php?hotelId=2
