2023-06-13 21:27:07 0 [Note] Starting MariaDB 10.4.28-MariaDB source revision c8f2e9a5c0ac5905f28b050b7df5a9ffd914b7e7 as process 12852
2023-06-13 21:27:07 0 [Note] InnoDB: Mutexes and rw_locks use Windows interlocked functions
2023-06-13 21:27:07 0 [Note] InnoDB: Uses event mutexes
2023-06-13 21:27:07 0 [Note] InnoDB: Compressed tables use zlib 1.2.12
2023-06-13 21:27:07 0 [Note] InnoDB: Number of pools: 1
2023-06-13 21:27:07 0 [Note] InnoDB: Using SSE2 crc32 instructions
2023-06-13 21:27:07 0 [Note] InnoDB: Initializing buffer pool, total size = 16M, instances = 1, chunk size = 16M
2023-06-13 21:27:07 0 [Note] InnoDB: Completed initialization of buffer pool
2023-06-13 21:27:07 0 [Note] InnoDB: Starting crash recovery from checkpoint LSN=300288
2023-06-13 21:27:07 0 [Note] InnoDB: 128 out of 128 rollback segments are active.
2023-06-13 21:27:07 0 [Note] InnoDB: Removed temporary tablespace data file: "ibtmp1"
2023-06-13 21:27:07 0 [Note] InnoDB: Creating shared tablespace for temporary tables
2023-06-13 21:27:07 0 [Note] InnoDB: Setting file 'F:\xampp\mysql\data\ibtmp1' size to 12 MB. Physically writing the file full; Please wait ...
2023-06-13 21:27:07 0 [Note] InnoDB: File 'F:\xampp\mysql\data\ibtmp1' size is now 12 MB.
2023-06-13 21:27:07 0 [Note] InnoDB: Waiting for purge to start
2023-06-13 21:27:07 0 [Note] InnoDB: 10.4.28 started; log sequence number 300297; transaction id 170
2023-06-13 21:27:07 0 [Note] InnoDB: Loading buffer pool(s) from F:\xampp\mysql\data\ib_buffer_pool
2023-06-13 21:27:07 0 [Note] Plugin 'FEEDBACK' is disabled.
2023-06-13 21:27:07 0 [Note] Server socket created on IP: '::'.
2023-06-14 16:47:55 0 [Note] Starting MariaDB 10.4.28-MariaDB source revision c8f2e9a5c0ac5905f28b050b7df5a9ffd914b7e7 as process 11528
2023-06-14 16:47:55 0 [Note] InnoDB: Mutexes and rw_locks use Windows interlocked functions
2023-06-14 16:47:55 0 [Note] InnoDB: Uses event mutexes
2023-06-14 16:47:55 0 [Note] InnoDB: Compressed tables use zlib 1.2.12
2023-06-14 16:47:55 0 [Note] InnoDB: Number of pools: 1
2023-06-14 16:47:55 0 [Note] InnoDB: Using SSE2 crc32 instructions
2023-06-14 16:47:55 0 [Note] InnoDB: Initializing buffer pool, total size = 16M, instances = 1, chunk size = 16M
2023-06-14 16:47:55 0 [Note] InnoDB: Completed initialization of buffer pool
2023-06-14 16:47:55 0 [Note] InnoDB: Starting crash recovery from checkpoint LSN=1154522
2023-06-14 16:47:55 0 [Note] InnoDB: 128 out of 128 rollback segments are active.
2023-06-14 16:47:55 0 [Note] InnoDB: Removed temporary tablespace data file: "ibtmp1"
2023-06-14 16:47:55 0 [Note] InnoDB: Creating shared tablespace for temporary tables
2023-06-14 16:47:55 0 [Note] InnoDB: Setting file 'F:\xampp\mysql\data\ibtmp1' size to 12 MB. Physically writing the file full; Please wait ...
2023-06-14 16:47:55 0 [Note] InnoDB: File 'F:\xampp\mysql\data\ibtmp1' size is now 12 MB.
2023-06-14 16:47:55 0 [Note] InnoDB: Waiting for purge to start
2023-06-14 16:47:55 0 [Note] InnoDB: 10.4.28 started; log sequence number 1154531; transaction id 498
2023-06-14 16:47:55 0 [Note] InnoDB: Loading buffer pool(s) from F:\xampp\mysql\data\ib_buffer_pool
2023-06-14 16:47:55 0 [Note] Plugin 'FEEDBACK' is disabled.
2023-06-14 16:47:55 0 [Note] Server socket created on IP: '::'.
2023-06-14 16:53:29 0 [Note] Starting MariaDB 10.4.28-MariaDB source revision c8f2e9a5c0ac5905f28b050b7df5a9ffd914b7e7 as process 12352
2023-06-14 16:53:29 0 [Note] InnoDB: Mutexes and rw_locks use Windows interlocked functions
2023-06-14 16:53:29 0 [Note] InnoDB: Uses event mutexes
2023-06-14 16:53:29 0 [Note] InnoDB: Compressed tables use zlib 1.2.12
2023-06-14 16:53:29 0 [Note] InnoDB: Number of pools: 1
2023-06-14 16:53:29 0 [Note] InnoDB: Using SSE2 crc32 instructions
2023-06-14 16:53:29 0 [Note] InnoDB: Initializing buffer pool, total size = 16M, instances = 1, chunk size = 16M
2023-06-14 16:53:29 0 [Note] InnoDB: Completed initialization of buffer pool
2023-06-14 16:53:29 0 [Note] InnoDB: Starting crash recovery from checkpoint LSN=1154540
2023-06-14 16:53:29 0 [Note] InnoDB: 128 out of 128 rollback segments are active.
2023-06-14 16:53:29 0 [Note] InnoDB: Removed temporary tablespace data file: "ibtmp1"
2023-06-14 16:53:29 0 [Note] InnoDB: Creating shared tablespace for temporary tables
2023-06-14 16:53:29 0 [Note] InnoDB: Setting file 'F:\xampp\mysql\data\ibtmp1' size to 12 MB. Physically writing the file full; Please wait ...
2023-06-14 16:53:29 0 [Note] InnoDB: File 'F:\xampp\mysql\data\ibtmp1' size is now 12 MB.
2023-06-14 16:53:29 0 [Note] InnoDB: Waiting for purge to start
2023-06-14 16:53:29 0 [Note] InnoDB: 10.4.28 started; log sequence number 1154549; transaction id 498
2023-06-14 16:53:29 0 [Note] InnoDB: Loading buffer pool(s) from F:\xampp\mysql\data\ib_buffer_pool
2023-06-14 16:53:29 0 [Note] Plugin 'FEEDBACK' is disabled.
2023-06-14 16:53:29 0 [Note] Server socket created on IP: '::'.
2023-06-14 16:53:29 0 [Warning] InnoDB: Retry attempts for reading partial data failed.
2023-06-14 16:53:29 0 [ERROR] InnoDB: Tried to read 16384 bytes at offset 0, but was only able to read 0
2023-06-14 16:53:29 0 [ERROR] InnoDB: Operating system error number 203 in a file operation.
2023-06-14 16:53:29 0 [Note] InnoDB: Some operating system error numbers are described at https://mariadb.com/kb/en/library/operating-system-error-codes/
2023-06-14 16:53:29 0 [ERROR] InnoDB: File (unknown): 'read' returned OS error 403. Cannot continue operation
230614 16:53:29 [ERROR] mysqld got exception 0x80000003 ;
This could be because you hit a bug. It is also possible that this binary
or one of the libraries it was linked against is corrupt, improperly built,
or misconfigured. This error can also be caused by malfunctioning hardware.

To report this bug, see https://mariadb.com/kb/en/reporting-bugs

We will try our best to scrape up some info that will hopefully help
diagnose the problem, but since we have already crashed, 
something is definitely wrong and this may fail.

Server version: 10.4.28-MariaDB source revision: c8f2e9a5c0ac5905f28b050b7df5a9ffd914b7e7
key_buffer_size=16777216
read_buffer_size=262144
max_used_connections=0
max_threads=65537
thread_count=6
It is possible that mysqld could use up to 
key_buffer_size + (read_buffer_size + sort_buffer_size)*max_threads = 20302 K  bytes of memory
Hope that's ok; if not, decrease some variables in the equation.

Thread pointer: 0x0
Attempting backtrace. You can use the following information to find out
where mysqld died. If you see no messages after this, something went
terribly wrong...
mysqld.exe!my_parameter_handler()
ucrtbase.dll!raise()
ucrtbase.dll!abort()
mysqld.exe!?_Assign_grow@?$_Hash_vec@V?$allocator@V?$_List_unchecked_iterator@V?$_List_val@U?$_List_simple_types@U?$pair@QEAU_iobuf@@PEAX@std@@@std@@@std@@@std@@@std@@@std@@QEAAX_KV?$_List_unchecked_iterator@V?$_List_val@U?$_List_simple_types@U?$pair@QEAU_iobuf@@PEAX@std@@@std@@@std@@@2@@Z()
mysqld.exe!?_Assign_grow@?$_Hash_vec@V?$allocator@V?$_List_unchecked_iterator@V?$_List_val@U?$_List_simple_types@U?$pair@QEAU_iobuf@@PEAX@std@@@std@@@std@@@std@@@std@@@std@@QEAAX_KV?$_List_unchecked_iterator@V?$_List_val@U?$_List_simple_types@U?$pair@QEAU_iobuf@@PEAX@std@@@std@@@std@@@2@@Z()
mysqld.exe!?_Assign_grow@?$_Hash_vec@V?$allocator@V?$_List_unchecked_iterator@V?$_List_val@U?$_List_simple_types@U?$pair@QEAU_iobuf@@PEAX@std@@@std@@@std@@@std@@@std@@@std@@QEAAX_KV?$_List_unchecked_iterator@V?$_List_val@U?$_List_simple_types@U?$pair@QEAU_iobuf@@PEAX@std@@@std@@@std@@@2@@Z()
mysqld.exe!?_Assign_grow@?$_Hash_vec@V?$allocator@V?$_List_unchecked_iterator@V?$_List_val@U?$_List_simple_types@U?$pair@QEAU_iobuf@@PEAX@std@@@std@@@std@@@std@@@std@@@std@@QEAAX_KV?$_List_unchecked_iterator@V?$_List_val@U?$_List_simple_types@U?$pair@QEAU_iobuf@@PEAX@std@@@std@@@std@@@2@@Z()
mysqld.exe!?_Assign_grow@?$_Hash_vec@V?$allocator@V?$_List_unchecked_iterator@V?$_List_val@U?$_List_simple_types@U?$pair@QEAU_iobuf@@PEAX@std@@@std@@@std@@@std@@@std@@@std@@QEAAX_KV?$_List_unchecked_iterator@V?$_List_val@U?$_List_simple_types@U?$pair@QEAU_iobuf@@PEAX@std@@@std@@@std@@@2@@Z()
mysqld.exe!?_Assign_grow@?$_Hash_vec@V?$allocator@V?$_List_unchecked_iterator@V?$_List_val@U?$_List_simple_types@U?$pair@QEAU_iobuf@@PEAX@std@@@std@@@std@@@std@@@std@@@std@@QEAAX_KV?$_List_unchecked_iterator@V?$_List_val@U?$_List_simple_types@U?$pair@QEAU_iobuf@@PEAX@std@@@std@@@std@@@2@@Z()
mysqld.exe!?_Assign_grow@?$_Hash_vec@V?$allocator@V?$_List_unchecked_iterator@V?$_List_val@U?$_List_simple_types@U?$pair@QEAU_iobuf@@PEAX@std@@@std@@@std@@@std@@@std@@@std@@QEAAX_KV?$_List_unchecked_iterator@V?$_List_val@U?$_List_simple_types@U?$pair@QEAU_iobuf@@PEAX@std@@@std@@@std@@@2@@Z()
mysqld.exe!?_Assign_grow@?$_Hash_vec@V?$allocator@V?$_List_unchecked_iterator@V?$_List_val@U?$_List_simple_types@U?$pair@QEAU_iobuf@@PEAX@std@@@std@@@std@@@std@@@std@@@std@@QEAAX_KV?$_List_unchecked_iterator@V?$_List_val@U?$_List_simple_types@U?$pair@QEAU_iobuf@@PEAX@std@@@std@@@std@@@2@@Z()
KERNEL32.DLL!BaseThreadInitThunk()
ntdll.dll!RtlUserThreadStart()
The manual page at https://mariadb.com/kb/en/how-to-produce-a-full-stack-trace-for-mysqld/ contains
information that should help you find out what is causing the crash.
Writing a core file at F:\xampp\mysql\data\
Minidump written to F:\xampp\mysql\data\mysqld.dmp
2023-06-14 16:53:36 0 [Note] Starting MariaDB 10.4.28-MariaDB source revision c8f2e9a5c0ac5905f28b050b7df5a9ffd914b7e7 as process 9980
2023-06-14 16:53:36 0 [Note] InnoDB: Mutexes and rw_locks use Windows interlocked functions
2023-06-14 16:53:36 0 [Note] InnoDB: Uses event mutexes
2023-06-14 16:53:36 0 [Note] InnoDB: Compressed tables use zlib 1.2.12
2023-06-14 16:53:36 0 [Note] InnoDB: Number of pools: 1
2023-06-14 16:53:36 0 [Note] InnoDB: Using SSE2 crc32 instructions
2023-06-14 16:53:36 0 [Note] InnoDB: Initializing buffer pool, total size = 16M, instances = 1, chunk size = 16M
2023-06-14 16:53:36 0 [Note] InnoDB: Completed initialization of buffer pool
2023-06-14 16:53:36 0 [Note] InnoDB: Starting crash recovery from checkpoint LSN=1154540
2023-06-14 16:53:36 0 [Note] InnoDB: 128 out of 128 rollback segments are active.
2023-06-14 16:53:36 0 [Note] InnoDB: Removed temporary tablespace data file: "ibtmp1"
2023-06-14 16:53:36 0 [Note] InnoDB: Creating shared tablespace for temporary tables
2023-06-14 16:53:36 0 [Note] InnoDB: Setting file 'F:\xampp\mysql\data\ibtmp1' size to 12 MB. Physically writing the file full; Please wait ...
2023-06-14 16:53:36 0 [Note] InnoDB: File 'F:\xampp\mysql\data\ibtmp1' size is now 12 MB.
2023-06-14 16:53:36 0 [Note] InnoDB: Waiting for purge to start
2023-06-14 16:53:36 0 [Note] InnoDB: 10.4.28 started; log sequence number 1154574; transaction id 498
2023-06-14 16:53:36 0 [Note] Plugin 'FEEDBACK' is disabled.
2023-06-14 16:53:36 0 [Note] InnoDB: Loading buffer pool(s) from F:\xampp\mysql\data\ib_buffer_pool
2023-06-14 16:53:36 0 [Note] Server socket created on IP: '::'.
2023-06-14 17:09:58 0 [Note] Starting MariaDB 10.4.28-MariaDB source revision c8f2e9a5c0ac5905f28b050b7df5a9ffd914b7e7 as process 10120
2023-06-14 17:09:58 0 [Note] InnoDB: Mutexes and rw_locks use Windows interlocked functions
2023-06-14 17:09:58 0 [Note] InnoDB: Uses event mutexes
2023-06-14 17:09:58 0 [Note] InnoDB: Compressed tables use zlib 1.2.12
2023-06-14 17:09:58 0 [Note] InnoDB: Number of pools: 1
2023-06-14 17:09:58 0 [Note] InnoDB: Using SSE2 crc32 instructions
2023-06-14 17:09:58 0 [Note] InnoDB: Initializing buffer pool, total size = 16M, instances = 1, chunk size = 16M
2023-06-14 17:09:58 0 [Note] InnoDB: Completed initialization of buffer pool
2023-06-14 17:09:58 0 [Note] InnoDB: Starting crash recovery from checkpoint LSN=1154583
2023-06-14 17:09:58 0 [Note] InnoDB: 128 out of 128 rollback segments are active.
2023-06-14 17:09:58 0 [Note] InnoDB: Removed temporary tablespace data file: "ibtmp1"
2023-06-14 17:09:58 0 [Note] InnoDB: Creating shared tablespace for temporary tables
2023-06-14 17:09:58 0 [Note] InnoDB: Setting file 'F:\xampp\mysql\data\ibtmp1' size to 12 MB. Physically writing the file full; Please wait ...
2023-06-14 17:09:58 0 [Note] InnoDB: File 'F:\xampp\mysql\data\ibtmp1' size is now 12 MB.
2023-06-14 17:09:58 0 [Note] InnoDB: Waiting for purge to start
2023-06-14 17:09:58 0 [Note] InnoDB: 10.4.28 started; log sequence number 1154592; transaction id 498
2023-06-14 17:09:58 0 [Note] InnoDB: Loading buffer pool(s) from F:\xampp\mysql\data\ib_buffer_pool
2023-06-14 17:09:58 0 [Note] Plugin 'FEEDBACK' is disabled.
2023-06-14 17:09:58 0 [Note] Server socket created on IP: '::'.
2024-02-18 20:10:05 0 [Note] Starting MariaDB 10.4.28-MariaDB source revision c8f2e9a5c0ac5905f28b050b7df5a9ffd914b7e7 as process 9400
2024-02-18 20:10:05 0 [Note] InnoDB: Mutexes and rw_locks use Windows interlocked functions
2024-02-18 20:10:05 0 [Note] InnoDB: Uses event mutexes
2024-02-18 20:10:05 0 [Note] InnoDB: Compressed tables use zlib 1.2.12
2024-02-18 20:10:05 0 [Note] InnoDB: Number of pools: 1
2024-02-18 20:10:05 0 [Note] InnoDB: Using SSE2 crc32 instructions
2024-02-18 20:10:05 0 [Note] InnoDB: Initializing buffer pool, total size = 16M, instances = 1, chunk size = 16M
2024-02-18 20:10:05 0 [Note] InnoDB: Completed initialization of buffer pool
2024-02-18 20:10:05 0 [Note] InnoDB: Starting crash recovery from checkpoint LSN=1154601
2024-02-18 20:10:06 0 [Note] InnoDB: 128 out of 128 rollback segments are active.
2024-02-18 20:10:06 0 [Note] InnoDB: Removed temporary tablespace data file: "ibtmp1"
2024-02-18 20:10:06 0 [Note] InnoDB: Creating shared tablespace for temporary tables
2024-02-18 20:10:06 0 [Note] InnoDB: Setting file 'F:\xampp\mysql\data\ibtmp1' size to 12 MB. Physically writing the file full; Please wait ...
2024-02-18 20:10:06 0 [Note] InnoDB: File 'F:\xampp\mysql\data\ibtmp1' size is now 12 MB.
2024-02-18 20:10:06 0 [Note] InnoDB: Waiting for purge to start
2024-02-18 20:10:06 0 [Note] InnoDB: 10.4.28 started; log sequence number 1154610; transaction id 498
2024-02-18 20:10:06 0 [Note] InnoDB: Loading buffer pool(s) from F:\xampp\mysql\data\ib_buffer_pool
2024-02-18 20:10:06 0 [Note] Plugin 'FEEDBACK' is disabled.
2024-02-18 20:10:06 0 [Note] InnoDB: Buffer pool(s) load completed at 240218 20:10:06
2024-02-18 20:10:06 0 [Note] Server socket created on IP: '::'.
2024-02-18 20:10:06 0 [Note] Reading of all Master_info entries succeeded
2024-02-18 20:10:06 0 [Note] Added new Master_info '' to hash table
2024-02-18 20:10:06 0 [Note] mysql\bin\mysqld.exe: ready for connections.
Version: '10.4.28-MariaDB'  socket: ''  port: 3306  mariadb.org binary distribution
2024-02-22 12:09:57 0 [Note] Starting MariaDB 10.4.28-MariaDB source revision c8f2e9a5c0ac5905f28b050b7df5a9ffd914b7e7 as process 8016
2024-02-22 12:09:57 0 [Note] InnoDB: Mutexes and rw_locks use Windows interlocked functions
2024-02-22 12:09:57 0 [Note] InnoDB: Uses event mutexes
2024-02-22 12:09:57 0 [Note] InnoDB: Compressed tables use zlib 1.2.12
2024-02-22 12:09:57 0 [Note] InnoDB: Number of pools: 1
2024-02-22 12:09:57 0 [Note] InnoDB: Using SSE2 crc32 instructions
2024-02-22 12:09:57 0 [Note] InnoDB: Initializing buffer pool, total size = 16M, instances = 1, chunk size = 16M
2024-02-22 12:09:57 0 [Note] InnoDB: Completed initialization of buffer pool
2024-02-22 12:09:57 0 [Note] InnoDB: Starting crash recovery from checkpoint LSN=1413474
2024-02-22 12:09:57 0 [Note] InnoDB: 128 out of 128 rollback segments are active.
2024-02-22 12:09:57 0 [Note] InnoDB: Removed temporary tablespace data file: "ibtmp1"
2024-02-22 12:09:57 0 [Note] InnoDB: Creating shared tablespace for temporary tables
2024-02-22 12:09:57 0 [Note] InnoDB: Setting file 'F:\xampp\mysql\data\ibtmp1' size to 12 MB. Physically writing the file full; Please wait ...
2024-02-22 12:09:57 0 [Note] InnoDB: File 'F:\xampp\mysql\data\ibtmp1' size is now 12 MB.
2024-02-22 12:09:57 0 [Note] InnoDB: Waiting for purge to start
2024-02-22 12:09:57 0 [Note] InnoDB: 10.4.28 started; log sequence number 1413483; transaction id 798
2024-02-22 12:09:57 0 [Note] InnoDB: Loading buffer pool(s) from F:\xampp\mysql\data\ib_buffer_pool
2024-02-22 12:09:57 0 [Note] Plugin 'FEEDBACK' is disabled.
2024-02-22 12:09:57 0 [Note] Server socket created on IP: '::'.
2024-02-22 12:09:52024-02-22 12:10:02 0 [Note] Starting MariaDB 10.4.28-MariaDB source revision c8f2e9a5c0ac5905f28b050b7df5a9ffd914b7e7 as process 11208
2024-02-22 12:10:02 0 [Note] InnoDB: Mutexes and rw_locks use Windows interlocked functions
2024-02-22 12:10:02 0 [Note] InnoDB: Uses event mutexes
2024-02-22 12:10:02 0 [Note] InnoDB: Compressed tables use zlib 1.2.12
2024-02-22 12:10:02 0 [Note] InnoDB: Number of pools: 1
2024-02-22 12:10:02 0 [Note] InnoDB: Using SSE2 crc32 instructions
2024-02-22 12:10:02 0 [Note] InnoDB: Initializing buffer pool, total size = 16M, instances = 1, chunk size = 16M
2024-02-22 12:10:02 0 [Note] InnoDB: Completed initialization of buffer pool
2024-02-22 12:10:02 0 [Note] InnoDB: Starting crash recovery from checkpoint LSN=1413474
2024-02-22 12:10:02 0 [Note] InnoDB: 128 out of 128 rollback segments are active.
2024-02-22 12:10:02 0 [Note] InnoDB: Removed temporary tablespace data file: "ibtmp1"
2024-02-22 12:10:02 0 [Note] InnoDB: Creating shared tablespace for temporary tables
2024-02-22 12:10:02 0 [Note] InnoDB: Setting file 'F:\xampp\mysql\data\ibtmp1' size to 12 MB. Physically writing the file full; Please wait ...
2024-02-22 12:10:02 0 [Note] InnoDB: File 'F:\xampp\mysql\data\ibtmp1' size is now 12 MB.
2024-02-22 12:10:02 0 [Note] InnoDB: Waiting for purge to start
2024-02-22 12:10:02 0 [Note] InnoDB: 10.4.28 started; log sequence number 1413483; transaction id 798
2024-02-22 12:10:02 0 [Note] InnoDB: Loading buffer pool(s) from F:\xampp\mysql\data\ib_buffer_pool
2024-02-22 12:10:02 0 [Note] Plugin 'FEEDBACK' is disabled.
2024-02-22 12:10:02 0 [Note] Server socket created on IP: '::'.
2024-06-02 22:37:02 0 [Note] Starting MariaDB 10.4.28-MariaDB source revision c8f2e9a5c0ac5905f28b050b7df5a9ffd914b7e7 as process 21208
2024-06-02 22:37:02 0 [Note] InnoDB: Mutexes and rw_locks use Windows interlocked functions
2024-06-02 22:37:02 0 [Note] InnoDB: Uses event mutexes
2024-06-02 22:37:02 0 [Note] InnoDB: Compressed tables use zlib 1.2.12
2024-06-02 22:37:02 0 [Note] InnoDB: Number of pools: 1
2024-06-02 22:37:02 0 [Note] InnoDB: Using SSE2 crc32 instructions
2024-06-02 22:37:02 0 [Note] InnoDB: Initializing buffer pool, total size = 16M, instances = 1, chunk size = 16M
2024-06-02 22:37:02 0 [Note] InnoDB: Completed initialization of buffer pool
2024-06-02 22:37:02 0 [Note] InnoDB: Starting crash recovery from checkpoint LSN=1413492
2024-06-02 22:37:02 0 [Note] InnoDB: 128 out of 128 rollback segments are active.
2024-06-02 22:37:02 0 [Note] InnoDB: Removed temporary tablespace data file: "ibtmp1"
2024-06-02 22:37:02 0 [Note] InnoDB: Creating shared tablespace for temporary tables
2024-06-02 22:37:02 0 [Note] InnoDB: Setting file 'F:\xampp\mysql\data\ibtmp1' size to 12 MB. Physically writing the file full; Please wait ...
2024-06-02 22:37:02 0 [Note] InnoDB: File 'F:\xampp\mysql\data\ibtmp1' size is now 12 MB.
2024-06-02 22:37:02 0 [Note] InnoDB: Waiting for purge to start
2024-06-02 22:37:02 0 [Note] InnoDB: 10.4.28 started; log sequence number 1413501; transaction id 798
2024-06-02 22:37:02 0 [Note] InnoDB: Loading buffer pool(s) from F:\xampp\mysql\data\ib_buffer_pool
2024-06-02 22:37:02 0 [Note] Plugin 'FEEDBACK' is disabled.
2024-06-02 22:37:02 0 [Note] Server socket created on IP: '::'.
2024-06-02 23:02:44 0 [Note] Starting MariaDB 10.4.28-MariaDB source revision c8f2e9a5c0ac5905f28b050b7df5a9ffd914b7e7 as process 17640
2024-06-02 23:02:44 0 [Note] InnoDB: Mutexes and rw_locks use Windows interlocked functions
2024-06-02 23:02:44 0 [Note] InnoDB: Uses event mutexes
2024-06-02 23:02:44 0 [Note] InnoDB: Compressed tables use zlib 1.2.12
2024-06-02 23:02:44 0 [Note] InnoDB: Number of pools: 1
2024-06-02 23:02:44 0 [Note] InnoDB: Using SSE2 crc32 instructions
2024-06-02 23:02:44 0 [Note] InnoDB: Initializing buffer pool, total size = 16M, instances = 1, chunk size = 16M
2024-06-02 23:02:44 0 [Note] InnoDB: Completed initialization of buffer pool
2024-06-02 23:02:44 0 [Note] InnoDB: Starting crash recovery from checkpoint LSN=1413510
2024-06-02 23:02:44 0 [Note] InnoDB: 128 out of 128 rollback segments are active.
2024-06-02 23:02:44 0 [Note] InnoDB: Removed temporary tablespace data file: "ibtmp1"
2024-06-02 23:02:44 0 [Note] InnoDB: Creating shared tablespace for temporary tables
2024-06-02 23:02:44 0 [Note] InnoDB: Setting file 'F:\xampp\mysql\data\ibtmp1' size to 12 MB. Physically writing the file full; Please wait ...
2024-06-02 23:02:44 0 [Note] InnoDB: File 'F:\xampp\mysql\data\ibtmp1' size is now 12 MB.
2024-06-02 23:02:44 0 [Note] InnoDB: Waiting for purge to start
2024-06-02 23:02:44 0 [Note] InnoDB: 10.4.28 started; log sequence number 1413519; transaction id 798
2024-06-02 23:02:44 0 [Note] InnoDB: Loading buffer pool(s) from F:\xampp\mysql\data\ib_buffer_pool
2024-06-02 23:02:44 0 [Note] Plugin 'FEEDBACK' is disabled.
2024-06-02 23:02:44 0 [Note] Server socket created on IP: '::'.
2024-06-02 23:02:44 0 [Note] InnoDB: Buffer pool(s) load completed at 240602 23:02:44
2024-06-02 23:02:44 0 [Note] Reading of all Master_info entries succeeded
2024-06-02 23:02:44 0 [Note] Added new Master_info '' to hash table
2024-06-02 23:02:44 0 [Note] mysql\bin\mysqld.exe: ready for connections.
Version: '10.4.28-MariaDB'  socket: ''  port: 3306  mariadb.org binary distribution
2024-06-12 17:27:47 0 [Note] Starting MariaDB 10.4.28-MariaDB source revision c8f2e9a5c0ac5905f28b050b7df5a9ffd914b7e7 as process 22840
2024-06-12 17:27:47 0 [Note] InnoDB: Mutexes and rw_locks use Windows interlocked functions
2024-06-12 17:27:47 0 [Note] InnoDB: Uses event mutexes
2024-06-12 17:27:47 0 [Note] InnoDB: Compressed tables use zlib 1.2.12
2024-06-12 17:27:47 0 [Note] InnoDB: Number of pools: 1
2024-06-12 17:27:47 0 [Note] InnoDB: Using SSE2 crc32 instructions
2024-06-12 17:27:47 0 [Note] InnoDB: Initializing buffer pool, total size = 16M, instances = 1, chunk size = 16M
2024-06-12 17:27:47 0 [Note] InnoDB: Completed initialization of buffer pool
2024-06-12 17:27:47 0 [Note] InnoDB: Starting crash recovery from checkpoint LSN=1413528
2024-06-12 17:27:47 0 [Note] InnoDB: 128 out of 128 rollback segments are active.
2024-06-12 17:27:47 0 [Note] InnoDB: Removed temporary tablespace data file: "ibtmp1"
2024-06-12 17:27:47 0 [Note] InnoDB: Creating shared tablespace for temporary tables
2024-06-12 17:27:47 0 [Note] InnoDB: Setting file 'F:\xampp\mysql\data\ibtmp1' size to 12 MB. Physically writing the file full; Please wait ...
2024-06-12 17:27:47 0 [Note] InnoDB: File 'F:\xampp\mysql\data\ibtmp1' size is now 12 MB.
2024-06-12 17:27:47 0 [Note] InnoDB: Waiting for purge to start
2024-06-12 17:27:47 0 [Note] InnoDB: 10.4.28 started; log sequence number 1413537; transaction id 798
2024-06-12 17:27:47 0 [Note] InnoDB: Loading buffer pool(s) from F:\xampp\mysql\data\ib_buffer_pool
2024-06-12 17:27:47 0 [Note] Plugin 'FEEDBACK' is disabled.
2024-06-12 17:27:47 0 [Note] Server socket created on IP: '::'.
2024-06-12 17:27:47 0 [Note] InnoDB: Buffer pool(s) load completed at 240612 17:27:47
2024-06-12 17:27:47 0 [Note] Reading of all Master_info entries succeeded
2024-06-12 17:27:47 0 [Note] Added new Master_info '' to hash table
2024-06-12 17:27:47 0 [Note] mysql\bin\mysqld.exe: ready for connections.
Version: '10.4.28-MariaDB'  socket: ''  port: 3306  mariadb.org binary distribution
2024-06-12 17:27:55 0 [Note] mysql\bin\mysqld.exe (initiated by: unknown): Normal shutdown
2024-06-12 17:27:55 0 [Note] Event Scheduler: Purging the queue. 0 events
2024-06-12 17:27:55 0 [Note] InnoDB: FTS optimize thread exiting.
2024-06-12 17:27:55 0 [Note] InnoDB: Starting shutdown...
2024-06-12 17:27:55 0 [Note] InnoDB: Dumping buffer pool(s) to F:\xampp\mysql\data\ib_buffer_pool
2024-06-12 17:27:55 0 [Note] InnoDB: Instance 0, restricted to 250 pages due to innodb_buf_pool_dump_pct=25
2024-06-12 17:27:55 0 [Note] InnoDB: Buffer pool(s) dump completed at 240612 17:27:55
2024-06-12 17:27:56 0 [Note] InnoDB: Removed temporary tablespace data file: "ibtmp1"
2024-06-12 17:27:56 0 [Note] InnoDB: Shutdown completed; log sequence number 1413555; transaction id 799
2024-06-12 17:27:56 0 [Note] mysql\bin\mysqld.exe: Shutdown complete

2024-06-12 17:28:37 0 [Note] Starting MariaDB 10.4.28-MariaDB source revision c8f2e9a5c0ac5905f28b050b7df5a9ffd914b7e7 as process 21312
2024-06-12 17:28:37 0 [Note] InnoDB: Mutexes and rw_locks use Windows interlocked functions
2024-06-12 17:28:37 0 [Note] InnoDB: Uses event mutexes
2024-06-12 17:28:37 0 [Note] InnoDB: Compressed tables use zlib 1.2.12
2024-06-12 17:28:37 0 [Note] InnoDB: Number of pools: 1
2024-06-12 17:28:37 0 [Note] InnoDB: Using SSE2 crc32 instructions
2024-06-12 17:28:37 0 [Note] InnoDB: Initializing buffer pool, total size = 16M, instances = 1, chunk size = 16M
2024-06-12 17:28:37 0 [Note] InnoDB: Completed initialization of buffer pool
2024-06-12 17:28:37 0 [Note] InnoDB: 128 out of 128 rollback segments are active.
2024-06-12 17:28:37 0 [Note] InnoDB: Creating shared tablespace for temporary tables
2024-06-12 17:28:37 0 [Note] InnoDB: Setting file 'F:\xampp\mysql\data\ibtmp1' size to 12 MB. Physically writing the file full; Please wait ...
2024-06-12 17:28:37 0 [Note] InnoDB: File 'F:\xampp\mysql\data\ibtmp1' size is now 12 MB.
2024-06-12 17:28:37 0 [Note] InnoDB: Waiting for purge to start
2024-06-12 17:28:37 0 [Note] InnoDB: 10.4.28 started; log sequence number 1413555; transaction id 798
2024-06-12 17:28:37 0 [Note] InnoDB: Loading buffer pool(s) from F:\xampp\mysql\data\ib_buffer_pool
2024-06-12 17:28:37 0 [Note] Plugin 'FEEDBACK' is disabled.
2024-06-12 17:28:37 0 [Note] Server socket created on IP: '::'.
2024-06-15 10:03:57 0 [Note] Starting MariaDB 10.4.28-MariaDB source revision c8f2e9a5c0ac5905f28b050b7df5a9ffd914b7e7 as process 9356
2024-06-15 10:03:57 0 [Note] InnoDB: Mutexes and rw_locks use Windows interlocked functions
2024-06-15 10:03:57 0 [Note] InnoDB: Uses event mutexes
2024-06-15 10:03:57 0 [Note] InnoDB: Compressed tables use zlib 1.2.12
2024-06-15 10:03:57 0 [Note] InnoDB: Number of pools: 1
2024-06-15 10:03:57 0 [Note] InnoDB: Using SSE2 crc32 instructions
2024-06-15 10:03:57 0 [Note] InnoDB: Initializing buffer pool, total size = 16M, instances = 1, chunk size = 16M
2024-06-15 10:03:57 0 [Note] InnoDB: Completed initialization of buffer pool
2024-06-15 10:03:57 0 [Note] InnoDB: Starting crash recovery from checkpoint LSN=1413555
2024-06-15 10:03:58 0 [Note] InnoDB: 128 out of 128 rollback segments are active.
2024-06-15 10:03:58 0 [Note] InnoDB: Removed temporary tablespace data file: "ibtmp1"
2024-06-15 10:03:58 0 [Note] InnoDB: Creating shared tablespace for temporary tables
2024-06-15 10:03:58 0 [Note] InnoDB: Setting file 'C:\Job\Ionut Mihaielscu\xampp\mysql\data\ibtmp1' size to 12 MB. Physically writing the file full; Please wait ...
2024-06-15 10:03:58 0 [Note] InnoDB: File 'C:\Job\Ionut Mihaielscu\xampp\mysql\data\ibtmp1' size is now 12 MB.
2024-06-15 10:03:58 0 [Note] InnoDB: 10.4.28 started; log sequence number 1413564; transaction id 798
2024-06-15 10:03:58 0 [Note] InnoDB: Loading buffer pool(s) from C:\Job\Ionut Mihaielscu\xampp\mysql\data\ib_buffer_pool
2024-06-15 10:03:58 0 [Note] Plugin 'FEEDBACK' is disabled.
2024-06-15 10:03:58 0 [Note] InnoDB: Buffer pool(s) load completed at 240615 10:03:58
2024-06-15 10:03:58 0 [Note] Server socket created on IP: '::'.
2024-06-15 10:03:58 0 [ERROR] Can't start server: Bind on TCP/IP port. Got error: 10048: Only one usage of each socket address (protocol/network address/port) is normally permitted.

2024-06-15 10:03:58 0 [ERROR] Do you already have another mysqld server running on port: 3306 ?
2024-06-15 10:03:58 0 [ERROR] Aborting
2024-06-15 10:04:11 0 [Note] Starting MariaDB 10.4.28-MariaDB source revision c8f2e9a5c0ac5905f28b050b7df5a9ffd914b7e7 as process 23148
2024-06-15 10:04:11 0 [Note] InnoDB: Mutexes and rw_locks use Windows interlocked functions
2024-06-15 10:04:11 0 [Note] InnoDB: Uses event mutexes
2024-06-15 10:04:11 0 [Note] InnoDB: Compressed tables use zlib 1.2.12
2024-06-15 10:04:11 0 [Note] InnoDB: Number of pools: 1
2024-06-15 10:04:11 0 [Note] InnoDB: Using SSE2 crc32 instructions
2024-06-15 10:04:11 0 [Note] InnoDB: Initializing buffer pool, total size = 16M, instances = 1, chunk size = 16M
2024-06-15 10:04:11 0 [Note] InnoDB: Completed initialization of buffer pool
2024-06-15 10:04:11 0 [Note] InnoDB: 128 out of 128 rollback segments are active.
2024-06-15 10:04:11 0 [Note] InnoDB: Creating shared tablespace for temporary tables
2024-06-15 10:04:11 0 [Note] InnoDB: Setting file 'C:\Job\Ionut Mihaielscu\xampp\mysql\data\ibtmp1' size to 12 MB. Physically writing the file full; Please wait ...
2024-06-15 10:04:11 0 [Note] InnoDB: File 'C:\Job\Ionut Mihaielscu\xampp\mysql\data\ibtmp1' size is now 12 MB.
2024-06-15 10:04:11 0 [Note] InnoDB: 10.4.28 started; log sequence number 1413573; transaction id 798
2024-06-15 10:04:11 0 [Note] InnoDB: Loading buffer pool(s) from C:\Job\Ionut Mihaielscu\xampp\mysql\data\ib_buffer_pool
2024-06-15 10:04:11 0 [Note] Plugin 'FEEDBACK' is disabled.
2024-06-15 10:04:11 0 [Note] InnoDB: Buffer pool(s) load completed at 240615 10:04:11
2024-06-15 10:04:11 0 [Note] Server socket created on IP: '::'.
2024-06-15 10:04:11 0 [ERROR] Can't start server: Bind on TCP/IP port. Got error: 10048: Only one usage of each socket address (protocol/network address/port) is normally permitted.

2024-06-15 10:04:11 0 [ERROR] Do you already have another mysqld server running on port: 3306 ?
2024-06-15 10:04:11 0 [ERROR] Aborting
2024-06-15 10:04:17 0 [Note] Starting MariaDB 10.4.28-MariaDB source revision c8f2e9a5c0ac5905f28b050b7df5a9ffd914b7e7 as process 40548
2024-06-15 10:04:17 0 [Note] InnoDB: Mutexes and rw_locks use Windows interlocked functions
2024-06-15 10:04:17 0 [Note] InnoDB: Uses event mutexes
2024-06-15 10:04:17 0 [Note] InnoDB: Compressed tables use zlib 1.2.12
2024-06-15 10:04:17 0 [Note] InnoDB: Number of pools: 1
2024-06-15 10:04:17 0 [Note] InnoDB: Using SSE2 crc32 instructions
2024-06-15 10:04:17 0 [Note] InnoDB: Initializing buffer pool, total size = 16M, instances = 1, chunk size = 16M
2024-06-15 10:04:17 0 [Note] InnoDB: Completed initialization of buffer pool
2024-06-15 10:04:17 0 [Note] InnoDB: 128 out of 128 rollback segments are active.
2024-06-15 10:04:17 0 [Note] InnoDB: Removed temporary tablespace data file: "ibtmp1"
2024-06-15 10:04:17 0 [Note] InnoDB: Creating shared tablespace for temporary tables
2024-06-15 10:04:17 0 [Note] InnoDB: Setting file 'C:\Job\Ionut Mihaielscu\xampp\mysql\data\ibtmp1' size to 12 MB. Physically writing the file full; Please wait ...
2024-06-15 10:04:17 0 [Note] InnoDB: File 'C:\Job\Ionut Mihaielscu\xampp\mysql\data\ibtmp1' size is now 12 MB.
2024-06-15 10:04:17 0 [Note] InnoDB: 10.4.28 started; log sequence number 1413573; transaction id 798
2024-06-15 10:04:17 0 [Note] InnoDB: Loading buffer pool(s) from C:\Job\Ionut Mihaielscu\xampp\mysql\data\ib_buffer_pool
2024-06-15 10:04:17 0 [Note] Plugin 'FEEDBACK' is disabled.
2024-06-15 10:04:17 0 [Note] InnoDB: Buffer pool(s) load completed at 240615 10:04:17
2024-06-15 10:04:17 0 [Note] Server socket created on IP: '::'.
2024-06-15 10:04:17 0 [ERROR] Can't start server: Bind on TCP/IP port. Got error: 10048: Only one usage of each socket address (protocol/network address/port) is normally permitted.

2024-06-15 10:04:17 0 [ERROR] Do you already have another mysqld server running on port: 3306 ?
2024-06-15 10:04:17 0 [ERROR] Aborting
2024-06-15 10:04:30 0 [Note] Starting MariaDB 10.4.28-MariaDB source revision c8f2e9a5c0ac5905f28b050b7df5a9ffd914b7e7 as process 35412
2024-06-15 10:04:30 0 [Note] InnoDB: Mutexes and rw_locks use Windows interlocked functions
2024-06-15 10:04:30 0 [Note] InnoDB: Uses event mutexes
2024-06-15 10:04:30 0 [Note] InnoDB: Compressed tables use zlib 1.2.12
2024-06-15 10:04:30 0 [Note] InnoDB: Number of pools: 1
2024-06-15 10:04:30 0 [Note] InnoDB: Using SSE2 crc32 instructions
2024-06-15 10:04:30 0 [Note] InnoDB: Initializing buffer pool, total size = 16M, instances = 1, chunk size = 16M
2024-06-15 10:04:30 0 [Note] InnoDB: Completed initialization of buffer pool
2024-06-15 10:04:30 0 [Note] InnoDB: 128 out of 128 rollback segments are active.
2024-06-15 10:04:30 0 [Note] InnoDB: Creating shared tablespace for temporary tables
2024-06-15 10:04:30 0 [Note] InnoDB: Setting file 'C:\Job\Ionut Mihaielscu\xampp\mysql\data\ibtmp1' size to 12 MB. Physically writing the file full; Please wait ...
2024-06-15 10:04:30 0 [Note] InnoDB: File 'C:\Job\Ionut Mihaielscu\xampp\mysql\data\ibtmp1' size is now 12 MB.
2024-06-15 10:04:30 0 [Note] InnoDB: 10.4.28 started; log sequence number 1413582; transaction id 798
2024-06-15 10:04:30 0 [Note] InnoDB: Loading buffer pool(s) from C:\Job\Ionut Mihaielscu\xampp\mysql\data\ib_buffer_pool
2024-06-15 10:04:30 0 [Note] Plugin 'FEEDBACK' is disabled.
2024-06-15 10:04:30 0 [Note] InnoDB: Buffer pool(s) load completed at 240615 10:04:30
2024-06-15 10:04:30 0 [Note] Server socket created on IP: '::'.
2024-06-15 10:04:30 0 [ERROR] Can't start server: Bind on TCP/IP port. Got error: 10048: Only one usage of each socket address (protocol/network address/port) is normally permitted.

2024-06-15 10:04:30 0 [ERROR] Do you already have another mysqld server running on port: 3306 ?
2024-06-15 10:04:30 0 [ERROR] Aborting
2024-06-15 10:04:41 0 [Note] Starting MariaDB 10.4.28-MariaDB source revision c8f2e9a5c0ac5905f28b050b7df5a9ffd914b7e7 as process 44116
2024-06-15 10:04:41 0 [Note] InnoDB: Mutexes and rw_locks use Windows interlocked functions
2024-06-15 10:04:41 0 [Note] InnoDB: Uses event mutexes
2024-06-15 10:04:41 0 [Note] InnoDB: Compressed tables use zlib 1.2.12
2024-06-15 10:04:41 0 [Note] InnoDB: Number of pools: 1
2024-06-15 10:04:41 0 [Note] InnoDB: Using SSE2 crc32 instructions
2024-06-15 10:04:41 0 [Note] InnoDB: Initializing buffer pool, total size = 16M, instances = 1, chunk size = 16M
2024-06-15 10:04:41 0 [Note] InnoDB: Completed initialization of buffer pool
2024-06-15 10:04:41 0 [Note] InnoDB: 128 out of 128 rollback segments are active.
2024-06-15 10:04:41 0 [Note] InnoDB: Removed temporary tablespace data file: "ibtmp1"
2024-06-15 10:04:41 0 [Note] InnoDB: Creating shared tablespace for temporary tables
2024-06-15 10:04:41 0 [Note] InnoDB: Setting file 'C:\Job\Ionut Mihaielscu\xampp\mysql\data\ibtmp1' size to 12 MB. Physically writing the file full; Please wait ...
2024-06-15 10:04:41 0 [Note] InnoDB: File 'C:\Job\Ionut Mihaielscu\xampp\mysql\data\ibtmp1' size is now 12 MB.
2024-06-15 10:04:41 0 [Note] InnoDB: 10.4.28 started; log sequence number 1413582; transaction id 798
2024-06-15 10:04:41 0 [Note] InnoDB: Loading buffer pool(s) from C:\Job\Ionut Mihaielscu\xampp\mysql\data\ib_buffer_pool
2024-06-15 10:04:41 0 [Note] Plugin 'FEEDBACK' is disabled.
2024-06-15 10:04:41 0 [Note] InnoDB: Buffer pool(s) load completed at 240615 10:04:41
2024-06-15 10:04:41 0 [Note] Server socket created on IP: '::'.
2024-06-15 10:04:41 0 [ERROR] Can't start server: Bind on TCP/IP port. Got error: 10048: Only one usage of each socket address (protocol/network address/port) is normally permitted.

2024-06-15 10:04:41 0 [ERROR] Do you already have another mysqld server running on port: 3306 ?
2024-06-15 10:04:41 0 [ERROR] Aborting
2024-06-15 10:07:17 0 [Note] Starting MariaDB 10.4.28-MariaDB source revision c8f2e9a5c0ac5905f28b050b7df5a9ffd914b7e7 as process 42736
2024-06-15 10:07:17 0 [Note] InnoDB: Mutexes and rw_locks use Windows interlocked functions
2024-06-15 10:07:17 0 [Note] InnoDB: Uses event mutexes
2024-06-15 10:07:17 0 [Note] InnoDB: Compressed tables use zlib 1.2.12
2024-06-15 10:07:17 0 [Note] InnoDB: Number of pools: 1
2024-06-15 10:07:17 0 [Note] InnoDB: Using SSE2 crc32 instructions
2024-06-15 10:07:17 0 [Note] InnoDB: Initializing buffer pool, total size = 16M, instances = 1, chunk size = 16M
2024-06-15 10:07:17 0 [Note] InnoDB: Completed initialization of buffer pool
2024-06-15 10:07:17 0 [Note] InnoDB: 128 out of 128 rollback segments are active.
2024-06-15 10:07:17 0 [Note] InnoDB: Creating shared tablespace for temporary tables
2024-06-15 10:07:17 0 [Note] InnoDB: Setting file 'C:\Job\Ionut Mihaielscu\xampp\mysql\data\ibtmp1' size to 12 MB. Physically writing the file full; Please wait ...
2024-06-15 10:07:17 0 [Note] InnoDB: File 'C:\Job\Ionut Mihaielscu\xampp\mysql\data\ibtmp1' size is now 12 MB.
2024-06-15 10:07:17 0 [Note] InnoDB: 10.4.28 started; log sequence number 1413591; transaction id 798
2024-06-15 10:07:17 0 [Note] InnoDB: Loading buffer pool(s) from C:\Job\Ionut Mihaielscu\xampp\mysql\data\ib_buffer_pool
2024-06-15 10:07:17 0 [Note] Plugin 'FEEDBACK' is disabled.
2024-06-15 10:07:17 0 [Note] InnoDB: Buffer pool(s) load completed at 240615 10:07:17
2024-06-15 10:07:17 0 [Note] Server socket created on IP: '::'.
2024-06-15 10:07:17 0 [ERROR] Can't start server: Bind on TCP/IP port. Got error: 10048: Only one usage of each socket address (protocol/network address/port) is normally permitted.

2024-06-15 10:07:17 0 [ERROR] Do you already have another mysqld server running on port: 3306 ?
2024-06-15 10:07:17 0 [ERROR] Aborting
2024-06-15 10:08:18 0 [Note] Starting MariaDB 10.4.28-MariaDB source revision c8f2e9a5c0ac5905f28b050b7df5a9ffd914b7e7 as process 7572
2024-06-15 10:08:18 0 [Note] InnoDB: Mutexes and rw_locks use Windows interlocked functions
2024-06-15 10:08:18 0 [Note] InnoDB: Uses event mutexes
2024-06-15 10:08:18 0 [Note] InnoDB: Compressed tables use zlib 1.2.12
2024-06-15 10:08:18 0 [Note] InnoDB: Number of pools: 1
2024-06-15 10:08:18 0 [Note] InnoDB: Using SSE2 crc32 instructions
2024-06-15 10:08:18 0 [Note] InnoDB: Initializing buffer pool, total size = 16M, instances = 1, chunk size = 16M
2024-06-15 10:08:18 0 [Note] InnoDB: Completed initialization of buffer pool
2024-06-15 10:08:18 0 [Note] InnoDB: 128 out of 128 rollback segments are active.
2024-06-15 10:08:18 0 [Note] InnoDB: Creating shared tablespace for temporary tables
2024-06-15 10:08:18 0 [Note] InnoDB: Setting file 'C:\Job\Ionut Mihaielscu\xampp\mysql\data\ibtmp1' size to 12 MB. Physically writing the file full; Please wait ...
2024-06-15 10:08:18 0 [Note] InnoDB: File 'C:\Job\Ionut Mihaielscu\xampp\mysql\data\ibtmp1' size is now 12 MB.
2024-06-15 10:08:18 0 [Note] InnoDB: 10.4.28 started; log sequence number 1413600; transaction id 798
2024-06-15 10:08:18 0 [Note] InnoDB: Loading buffer pool(s) from C:\Job\Ionut Mihaielscu\xampp\mysql\data\ib_buffer_pool
2024-06-15 10:08:18 0 [Note] Plugin 'FEEDBACK' is disabled.
2024-06-15 10:08:18 0 [Note] InnoDB: Buffer pool(s) load completed at 240615 10:08:18
2024-06-15 10:08:18 0 [Note] Server socket created on IP: '::'.
2024-06-15 10:08:18 0 [ERROR] Can't start server: Bind on TCP/IP port. Got error: 10048: Only one usage of each socket address (protocol/network address/port) is normally permitted.

2024-06-15 10:08:18 0 [ERROR] Do you already have another mysqld server running on port: 3306 ?
2024-06-15 10:08:18 0 [ERROR] Aborting
2024-06-15 10:09:57 0 [Note] Starting MariaDB 10.4.28-MariaDB source revision c8f2e9a5c0ac5905f28b050b7df5a9ffd914b7e7 as process 54120
2024-06-15 10:09:57 0 [Note] InnoDB: Mutexes and rw_locks use Windows interlocked functions
2024-06-15 10:09:57 0 [Note] InnoDB: Uses event mutexes
2024-06-15 10:09:57 0 [Note] InnoDB: Compressed tables use zlib 1.2.12
2024-06-15 10:09:57 0 [Note] InnoDB: Number of pools: 1
2024-06-15 10:09:57 0 [Note] InnoDB: Using SSE2 crc32 instructions
2024-06-15 10:09:57 0 [Note] InnoDB: Initializing buffer pool, total size = 16M, instances = 1, chunk size = 16M
2024-06-15 10:09:57 0 [Note] InnoDB: Completed initialization of buffer pool
2024-06-15 10:09:58 0 [Note] InnoDB: 128 out of 128 rollback segments are active.
2024-06-15 10:09:58 0 [Note] InnoDB: Creating shared tablespace for temporary tables
2024-06-15 10:09:58 0 [Note] InnoDB: Setting file 'C:\Job\Ionut Mihaielscu\xampp\mysql\data\ibtmp1' size to 12 MB. Physically writing the file full; Please wait ...
2024-06-15 10:09:58 0 [Note] InnoDB: File 'C:\Job\Ionut Mihaielscu\xampp\mysql\data\ibtmp1' size is now 12 MB.
2024-06-15 10:09:58 0 [Note] InnoDB: 10.4.28 started; log sequence number 1413609; transaction id 798
2024-06-15 10:09:58 0 [Note] InnoDB: Loading buffer pool(s) from C:\Job\Ionut Mihaielscu\xampp\mysql\data\ib_buffer_pool
2024-06-15 10:09:58 0 [Note] Plugin 'FEEDBACK' is disabled.
2024-06-15 10:09:58 0 [Note] InnoDB: Buffer pool(s) load completed at 240615 10:09:58
2024-06-15 10:09:58 0 [Note] Server socket created on IP: '::'.
2024-06-15 10:09:58 0 [ERROR] Can't start server: Bind on TCP/IP port. Got error: 10048: Only one usage of each socket address (protocol/network address/port) is normally permitted.

2024-06-15 10:09:58 0 [ERROR] Do you already have another mysqld server running on port: 3306 ?
2024-06-15 10:09:58 0 [ERROR] Aborting
2024-06-15 10:10:01 0 [Note] Starting MariaDB 10.4.28-MariaDB source revision c8f2e9a5c0ac5905f28b050b7df5a9ffd914b7e7 as process 53756
2024-06-15 10:10:01 0 [Note] InnoDB: Mutexes and rw_locks use Windows interlocked functions
2024-06-15 10:10:01 0 [Note] InnoDB: Uses event mutexes
2024-06-15 10:10:01 0 [Note] InnoDB: Compressed tables use zlib 1.2.12
2024-06-15 10:10:01 0 [Note] InnoDB: Number of pools: 1
2024-06-15 10:10:01 0 [Note] InnoDB: Using SSE2 crc32 instructions
2024-06-15 10:10:01 0 [Note] InnoDB: Initializing buffer pool, total size = 16M, instances = 1, chunk size = 16M
2024-06-15 10:10:01 0 [Note] InnoDB: Completed initialization of buffer pool
2024-06-15 10:10:01 0 [Note] InnoDB: 128 out of 128 rollback segments are active.
2024-06-15 10:10:01 0 [Note] InnoDB: Creating shared tablespace for temporary tables
2024-06-15 10:10:01 0 [Note] InnoDB: Setting file 'C:\Job\Ionut Mihaielscu\xampp\mysql\data\ibtmp1' size to 12 MB. Physically writing the file full; Please wait ...
2024-06-15 10:10:01 0 [Note] InnoDB: File 'C:\Job\Ionut Mihaielscu\xampp\mysql\data\ibtmp1' size is now 12 MB.
2024-06-15 10:10:01 0 [Note] InnoDB: 10.4.28 started; log sequence number 1413618; transaction id 798
2024-06-15 10:10:01 0 [Note] InnoDB: Loading buffer pool(s) from C:\Job\Ionut Mihaielscu\xampp\mysql\data\ib_buffer_pool
2024-06-15 10:10:01 0 [Note] Plugin 'FEEDBACK' is disabled.
2024-06-15 10:10:01 0 [Note] InnoDB: Buffer pool(s) load completed at 240615 10:10:01
2024-06-15 10:10:01 0 [Note] Server socket created on IP: '::'.
2024-06-15 10:10:01 0 [ERROR] Can't start server: Bind on TCP/IP port. Got error: 10048: Only one usage of each socket address (protocol/network address/port) is normally permitted.

2024-06-15 10:10:01 0 [ERROR] Do you already have another mysqld server running on port: 3306 ?
2024-06-15 10:10:01 0 [ERROR] Aborting
2024-06-15 10:10:22 0 [Note] Starting MariaDB 10.4.28-MariaDB source revision c8f2e9a5c0ac5905f28b050b7df5a9ffd914b7e7 as process 388
2024-06-15 10:10:22 0 [Note] InnoDB: Mutexes and rw_locks use Windows interlocked functions
2024-06-15 10:10:22 0 [Note] InnoDB: Uses event mutexes
2024-06-15 10:10:22 0 [Note] InnoDB: Compressed tables use zlib 1.2.12
2024-06-15 10:10:22 0 [Note] InnoDB: Number of pools: 1
2024-06-15 10:10:22 0 [Note] InnoDB: Using SSE2 crc32 instructions
2024-06-15 10:10:22 0 [Note] InnoDB: Initializing buffer pool, total size = 16M, instances = 1, chunk size = 16M
2024-06-15 10:10:22 0 [Note] InnoDB: Completed initialization of buffer pool
2024-06-15 10:10:22 0 [Note] InnoDB: 128 out of 128 rollback segments are active.
2024-06-15 10:10:22 0 [Note] InnoDB: Creating shared tablespace for temporary tables
2024-06-15 10:10:22 0 [Note] InnoDB: Setting file 'C:\Job\Ionut Mihaielscu\xampp\mysql\data\ibtmp1' size to 12 MB. Physically writing the file full; Please wait ...
2024-06-15 10:10:22 0 [Note] InnoDB: File 'C:\Job\Ionut Mihaielscu\xampp\mysql\data\ibtmp1' size is now 12 MB.
2024-06-15 10:10:22 0 [Note] InnoDB: 10.4.28 started; log sequence number 1413627; transaction id 798
2024-06-15 10:10:22 0 [Note] InnoDB: Loading buffer pool(s) from C:\Job\Ionut Mihaielscu\xampp\mysql\data\ib_buffer_pool
2024-06-15 10:10:22 0 [Note] Plugin 'FEEDBACK' is disabled.
2024-06-15 10:10:22 0 [Note] InnoDB: Buffer pool(s) load completed at 240615 10:10:22
2024-06-15 10:10:22 0 [Note] Server socket created on IP: '::'.
2024-06-15 11:17:24 0 [Note] Starting MariaDB 10.4.28-MariaDB source revision c8f2e9a5c0ac5905f28b050b7df5a9ffd914b7e7 as process 33728
2024-06-15 11:17:24 0 [Note] InnoDB: Mutexes and rw_locks use Windows interlocked functions
2024-06-15 11:17:24 0 [Note] InnoDB: Uses event mutexes
2024-06-15 11:17:24 0 [Note] InnoDB: Compressed tables use zlib 1.2.12
2024-06-15 11:17:24 0 [Note] InnoDB: Number of pools: 1
2024-06-15 11:17:24 0 [Note] InnoDB: Using SSE2 crc32 instructions
2024-06-15 11:17:24 0 [Note] InnoDB: Initializing buffer pool, total size = 16M, instances = 1, chunk size = 16M
2024-06-15 11:17:24 0 [Note] InnoDB: Completed initialization of buffer pool
2024-06-15 11:17:24 0 [Note] InnoDB: Starting crash recovery from checkpoint LSN=1414066
2024-06-15 11:17:24 0 [Note] InnoDB: 128 out of 128 rollback segments are active.
2024-06-15 11:17:24 0 [Note] InnoDB: Removed temporary tablespace data file: "ibtmp1"
2024-06-15 11:17:24 0 [Note] InnoDB: Creating shared tablespace for temporary tables
2024-06-15 11:17:24 0 [Note] InnoDB: Setting file 'C:\Job\Ionut Mihaielscu\xampp\mysql\data\ibtmp1' size to 12 MB. Physically writing the file full; Please wait ...
2024-06-15 11:17:24 0 [Note] InnoDB: File 'C:\Job\Ionut Mihaielscu\xampp\mysql\data\ibtmp1' size is now 12 MB.
2024-06-15 11:17:24 0 [Note] InnoDB: 10.4.28 started; log sequence number 1414075; transaction id 803
2024-06-15 11:17:24 0 [Note] InnoDB: Loading buffer pool(s) from C:\Job\Ionut Mihaielscu\xampp\mysql\data\ib_buffer_pool
2024-06-15 11:17:24 0 [Note] Plugin 'FEEDBACK' is disabled.
2024-06-15 11:17:24 0 [Note] InnoDB: Buffer pool(s) load completed at 240615 11:17:24
2024-06-15 11:17:24 0 [Note] Server socket created on IP: '::'.
2024-06-15 11:30:29 0 [Note] Starting MariaDB 10.4.28-MariaDB source revision c8f2e9a5c0ac5905f28b050b7df5a9ffd914b7e7 as process 46140
2024-06-15 11:30:29 0 [Note] InnoDB: Mutexes and rw_locks use Windows interlocked functions
2024-06-15 11:30:29 0 [Note] InnoDB: Uses event mutexes
2024-06-15 11:30:29 0 [Note] InnoDB: Compressed tables use zlib 1.2.12
2024-06-15 11:30:29 0 [Note] InnoDB: Number of pools: 1
2024-06-15 11:30:29 0 [Note] InnoDB: Using SSE2 crc32 instructions
2024-06-15 11:30:29 0 [Note] InnoDB: Initializing buffer pool, total size = 16M, instances = 1, chunk size = 16M
2024-06-15 11:30:29 0 [Note] InnoDB: Completed initialization of buffer pool
2024-06-15 11:30:29 0 [Note] InnoDB: Starting crash recovery from checkpoint LSN=1414084
2024-06-15 11:30:30 0 [Note] InnoDB: 128 out of 128 rollback segments are active.
2024-06-15 11:30:30 0 [Note] InnoDB: Removed temporary tablespace data file: "ibtmp1"
2024-06-15 11:30:30 0 [Note] InnoDB: Creating shared tablespace for temporary tables
2024-06-15 11:30:30 0 [Note] InnoDB: Setting file 'C:\Job\Ionut Mihaielscu\xampp\mysql\data\ibtmp1' size to 12 MB. Physically writing the file full; Please wait ...
2024-06-15 11:30:30 0 [Note] InnoDB: File 'C:\Job\Ionut Mihaielscu\xampp\mysql\data\ibtmp1' size is now 12 MB.
2024-06-15 11:30:30 0 [Note] InnoDB: 10.4.28 started; log sequence number 1414093; transaction id 803
2024-06-15 11:30:30 0 [Note] InnoDB: Loading buffer pool(s) from C:\Job\Ionut Mihaielscu\xampp\mysql\data\ib_buffer_pool
2024-06-15 11:30:30 0 [Note] Plugin 'FEEDBACK' is disabled.
2024-06-15 11:30:30 0 [Note] InnoDB: Buffer pool(s) load completed at 240615 11:30:30
2024-06-15 11:30:30 0 [Note] Server socket created on IP: '::'.
2024-06-15 11:48:24 0 [Note] Starting MariaDB 10.4.28-MariaDB source revision c8f2e9a5c0ac5905f28b050b7df5a9ffd914b7e7 as process 47116
2024-06-15 11:48:24 0 [Note] InnoDB: Mutexes and rw_locks use Windows interlocked functions
2024-06-15 11:48:24 0 [Note] InnoDB: Uses event mutexes
2024-06-15 11:48:24 0 [Note] InnoDB: Compressed tables use zlib 1.2.12
2024-06-15 11:48:24 0 [Note] InnoDB: Number of pools: 1
2024-06-15 11:48:24 0 [Note] InnoDB: Using SSE2 crc32 instructions
2024-06-15 11:48:24 0 [Note] InnoDB: Initializing buffer pool, total size = 16M, instances = 1, chunk size = 16M
2024-06-15 11:48:24 0 [Note] InnoDB: Completed initialization of buffer pool
2024-06-15 11:48:24 0 [Note] InnoDB: Starting crash recovery from checkpoint LSN=1417140
2024-06-15 11:48:24 0 [Note] InnoDB: 128 out of 128 rollback segments are active.
2024-06-15 11:48:24 0 [Note] InnoDB: Removed temporary tablespace data file: "ibtmp1"
2024-06-15 11:48:24 0 [Note] InnoDB: Creating shared tablespace for temporary tables
2024-06-15 11:48:24 0 [Note] InnoDB: Setting file 'C:\Job\Ionut Mihaielscu\xampp\mysql\data\ibtmp1' size to 12 MB. Physically writing the file full; Please wait ...
2024-06-15 11:48:24 0 [Note] InnoDB: File 'C:\Job\Ionut Mihaielscu\xampp\mysql\data\ibtmp1' size is now 12 MB.
2024-06-15 11:48:24 0 [Note] InnoDB: 10.4.28 started; log sequence number 1417149; transaction id 838
2024-06-15 11:48:24 0 [Note] InnoDB: Loading buffer pool(s) from C:\Job\Ionut Mihaielscu\xampp\mysql\data\ib_buffer_pool
2024-06-15 11:48:24 0 [Note] Plugin 'FEEDBACK' is disabled.
2024-06-15 11:48:24 0 [Note] InnoDB: Buffer pool(s) load completed at 240615 11:48:24
2024-06-15 11:48:24 0 [Note] Server socket created on IP: '::'.
2024-06-15 11:48:36 0 [Note] Starting MariaDB 10.4.28-MariaDB source revision c8f2e9a5c0ac5905f28b050b7df5a9ffd914b7e7 as process 3560
2024-06-15 11:48:36 0 [Note] InnoDB: Mutexes and rw_locks use Windows interlocked functions
2024-06-15 11:48:36 0 [Note] InnoDB: Uses event mutexes
2024-06-15 11:48:36 0 [Note] InnoDB: Compressed tables use zlib 1.2.12
2024-06-15 11:48:36 0 [Note] InnoDB: Number of pools: 1
2024-06-15 11:48:36 0 [Note] InnoDB: Using SSE2 crc32 instructions
2024-06-15 11:48:36 0 [Note] InnoDB: Initializing buffer pool, total size = 16M, instances = 1, chunk size = 16M
2024-06-15 11:48:36 0 [Note] InnoDB: Completed initialization of buffer pool
2024-06-15 11:48:36 0 [Note] InnoDB: Starting crash recovery from checkpoint LSN=1417158
2024-06-15 11:48:36 0 [Note] InnoDB: 128 out of 128 rollback segments are active.
2024-06-15 11:48:36 0 [Note] InnoDB: Removed temporary tablespace data file: "ibtmp1"
2024-06-15 11:48:36 0 [Note] InnoDB: Creating shared tablespace for temporary tables
2024-06-15 11:48:36 0 [Note] InnoDB: Setting file 'C:\Job\Ionut Mihaielscu\xampp\mysql\data\ibtmp1' size to 12 MB. Physically writing the file full; Please wait ...
2024-06-15 11:48:36 0 [Note] InnoDB: File 'C:\Job\Ionut Mihaielscu\xampp\mysql\data\ibtmp1' size is now 12 MB.
2024-06-15 11:48:36 0 [Note] InnoDB: 10.4.28 started; log sequence number 1417167; transaction id 838
2024-06-15 11:48:36 0 [Note] InnoDB: Loading buffer pool(s) from C:\Job\Ionut Mihaielscu\xampp\mysql\data\ib_buffer_pool
2024-06-15 11:48:36 0 [Note] Plugin 'FEEDBACK' is disabled.
2024-06-15 11:48:36 0 [Note] InnoDB: Buffer pool(s) load completed at 240615 11:48:36
2024-06-15 11:48:36 0 [Note] Server socket created on IP: '::'.
2024-06-15 11:50:06 0 [Note] Starting MariaDB 10.4.28-MariaDB source revision c8f2e9a5c0ac5905f28b050b7df5a9ffd914b7e7 as process 52864
2024-06-15 11:50:06 0 [Note] InnoDB: Mutexes and rw_locks use Windows interlocked functions
2024-06-15 11:50:06 0 [Note] InnoDB: Uses event mutexes
2024-06-15 11:50:06 0 [Note] InnoDB: Compressed tables use zlib 1.2.12
2024-06-15 11:50:06 0 [Note] InnoDB: Number of pools: 1
2024-06-15 11:50:06 0 [Note] InnoDB: Using SSE2 crc32 instructions
2024-06-15 11:50:06 0 [Note] InnoDB: Initializing buffer pool, total size = 16M, instances = 1, chunk size = 16M
2024-06-15 11:50:06 0 [Note] InnoDB: Completed initialization of buffer pool
2024-06-15 11:50:06 0 [Note] InnoDB: Starting crash recovery from checkpoint LSN=1417176
2024-06-15 11:50:06 0 [Note] InnoDB: 128 out of 128 rollback segments are active.
2024-06-15 11:50:06 0 [Note] InnoDB: Removed temporary tablespace data file: "ibtmp1"
2024-06-15 11:50:06 0 [Note] InnoDB: Creating shared tablespace for temporary tables
2024-06-15 11:50:06 0 [Note] InnoDB: Setting file 'C:\Job\Ionut Mihaielscu\xampp\mysql\data\ibtmp1' size to 12 MB. Physically writing the file full; Please wait ...
2024-06-15 11:50:06 0 [Note] InnoDB: File 'C:\Job\Ionut Mihaielscu\xampp\mysql\data\ibtmp1' size is now 12 MB.
2024-06-15 11:50:06 0 [Note] InnoDB: 10.4.28 started; log sequence number 1417185; transaction id 838
2024-06-15 11:50:06 0 [Note] InnoDB: Loading buffer pool(s) from C:\Job\Ionut Mihaielscu\xampp\mysql\data\ib_buffer_pool
2024-06-15 11:50:06 0 [Note] Plugin 'FEEDBACK' is disabled.
2024-06-15 11:50:06 0 [Note] InnoDB: Buffer pool(s) load completed at 240615 11:50:06
2024-06-15 11:50:06 0 [Note] Server socket created on IP: '::'.
2024-06-15 11:50:11 0 [Note] Starting MariaDB 10.4.28-MariaDB source revision c8f2e9a5c0ac5905f28b050b7df5a9ffd914b7e7 as process 41784
2024-06-15 11:50:11 0 [Note] InnoDB: Mutexes and rw_locks use Windows interlocked functions
2024-06-15 11:50:11 0 [Note] InnoDB: Uses event mutexes
2024-06-15 11:50:11 0 [Note] InnoDB: Compressed tables use zlib 1.2.12
2024-06-15 11:50:11 0 [Note] InnoDB: Number of pools: 1
2024-06-15 11:50:11 0 [Note] InnoDB: Using SSE2 crc32 instructions
2024-06-15 11:50:11 0 [Note] InnoDB: Initializing buffer pool, total size = 16M, instances = 1, chunk size = 16M
2024-06-15 11:50:11 0 [Note] InnoDB: Completed initialization of buffer pool
2024-06-15 11:50:11 0 [Note] InnoDB: Starting crash recovery from checkpoint LSN=1417176
2024-06-15 11:50:11 0 [Note] InnoDB: 128 out of 128 rollback segments are active.
2024-06-15 11:50:11 0 [Note] InnoDB: Removed temporary tablespace data file: "ibtmp1"
2024-06-15 11:50:11 0 [Note] InnoDB: Creating shared tablespace for temporary tables
2024-06-15 11:50:11 0 [Note] InnoDB: Setting file 'C:\Job\Ionut Mihaielscu\xampp\mysql\data\ibtmp1' size to 12 MB. Physically writing the file full; Please wait ...
2024-06-15 11:50:11 0 [Note] InnoDB: File 'C:\Job\Ionut Mihaielscu\xampp\mysql\data\ibtmp1' size is now 12 MB.
2024-06-15 11:50:11 0 [Note] InnoDB: 10.4.28 started; log sequence number 1417185; transaction id 838
2024-06-15 11:50:11 0 [Note] InnoDB: Loading buffer pool(s) from C:\Job\Ionut Mihaielscu\xampp\mysql\data\ib_buffer_pool
2024-06-15 11:50:11 0 [Note] Plugin 'FEEDBACK' is disabled.
2024-06-15 11:50:11 0 [Note] InnoDB: Buffer pool(s) load completed at 240615 11:50:11
2024-06-15 11:50:11 0 [Note] Server socket created on IP: '::'.
2024-06-15 23:10:40 0 [Note] Starting MariaDB 10.4.28-MariaDB source revision c8f2e9a5c0ac5905f28b050b7df5a9ffd914b7e7 as process 50244
2024-06-15 23:10:40 0 [Note] InnoDB: Mutexes and rw_locks use Windows interlocked functions
2024-06-15 23:10:40 0 [Note] InnoDB: Uses event mutexes
2024-06-15 23:10:40 0 [Note] InnoDB: Compressed tables use zlib 1.2.12
2024-06-15 23:10:40 0 [Note] InnoDB: Number of pools: 1
2024-06-15 23:10:40 0 [Note] InnoDB: Using SSE2 crc32 instructions
2024-06-15 23:10:40 0 [Note] InnoDB: Initializing buffer pool, total size = 16M, instances = 1, chunk size = 16M
2024-06-15 23:10:40 0 [Note] InnoDB: Completed initialization of buffer pool
2024-06-15 23:10:40 0 [Note] InnoDB: Starting crash recovery from checkpoint LSN=1447033
2024-06-15 23:10:40 0 [Note] InnoDB: 128 out of 128 rollback segments are active.
2024-06-15 23:10:40 0 [Note] InnoDB: Removed temporary tablespace data file: "ibtmp1"
2024-06-15 23:10:40 0 [Note] InnoDB: Creating shared tablespace for temporary tables
2024-06-15 23:10:40 0 [Note] InnoDB: Setting file 'C:\Job\Ionut Mihaielscu\xampp\mysql\data\ibtmp1' size to 12 MB. Physically writing the file full; Please wait ...
2024-06-15 23:10:40 0 [Note] InnoDB: File 'C:\Job\Ionut Mihaielscu\xampp\mysql\data\ibtmp1' size is now 12 MB.
2024-06-15 23:10:40 0 [Note] InnoDB: 10.4.28 started; log sequence number 1447042; transaction id 970
2024-06-15 23:10:40 0 [Note] InnoDB: Loading buffer pool(s) from C:\Job\Ionut Mihaielscu\xampp\mysql\data\ib_buffer_pool
2024-06-15 23:10:40 0 [Note] Plugin 'FEEDBACK' is disabled.
2024-06-15 23:10:40 0 [Note] InnoDB: Buffer pool(s) load completed at 240615 23:10:40
2024-06-15 23:10:41 0 [Note] Server socket created on IP: '::'.
2024-06-15 23:10:41 0 [Note] Reading of all Master_info entries succeeded
2024-06-15 23:10:41 0 [Note] Added new Master_info '' to hash table
2024-06-15 23:10:41 0 [Note] mysql\bin\mysqld.exe: ready for connections.
Version: '10.4.28-MariaDB'  socket: ''  port: 4027  mariadb.org binary distribution
2024-06-18 17:59:34 0 [Note] Starting MariaDB 10.4.28-MariaDB source revision c8f2e9a5c0ac5905f28b050b7df5a9ffd914b7e7 as process 23624
2024-06-18 17:59:34 0 [Note] InnoDB: Mutexes and rw_locks use Windows interlocked functions
2024-06-18 17:59:34 0 [Note] InnoDB: Uses event mutexes
2024-06-18 17:59:34 0 [Note] InnoDB: Compressed tables use zlib 1.2.12
2024-06-18 17:59:34 0 [Note] InnoDB: Number of pools: 1
2024-06-18 17:59:34 0 [Note] InnoDB: Using SSE2 crc32 instructions
2024-06-18 17:59:34 0 [Note] InnoDB: Initializing buffer pool, total size = 16M, instances = 1, chunk size = 16M
2024-06-18 17:59:34 0 [Note] InnoDB: Completed initialization of buffer pool
2024-06-18 17:59:34 0 [Note] InnoDB: Starting crash recovery from checkpoint LSN=1447051
2024-06-18 17:59:34 0 [Note] InnoDB: 128 out of 128 rollback segments are active.
2024-06-18 17:59:34 0 [Note] InnoDB: Removed temporary tablespace data file: "ibtmp1"
2024-06-18 17:59:34 0 [Note] InnoDB: Creating shared tablespace for temporary tables
2024-06-18 17:59:34 0 [Note] InnoDB: Setting file 'C:\Users\fortz\Desktop\Work\mysql\data\ibtmp1' size to 12 MB. Physically writing the file full; Please wait ...
2024-06-18 17:59:34 0 [Note] InnoDB: File 'C:\Users\fortz\Desktop\Work\mysql\data\ibtmp1' size is now 12 MB.
2024-06-18 17:59:34 0 [Note] InnoDB: Waiting for purge to start
2024-06-18 17:59:34 0 [Note] InnoDB: 10.4.28 started; log sequence number 1447060; transaction id 970
2024-06-18 17:59:34 0 [Note] InnoDB: Loading buffer pool(s) from C:\Users\fortz\Desktop\Work\mysql\data\ib_buffer_pool
2024-06-18 17:59:34 0 [Note] Plugin 'FEEDBACK' is disabled.
2024-06-18 17:59:34 0 [Note] InnoDB: Buffer pool(s) load completed at 240618 17:59:34
2024-06-18 17:59:34 0 [Note] Server socket created on IP: '::'.
2024-06-18 19:48:26 0 [Note] Starting MariaDB 10.4.28-MariaDB source revision c8f2e9a5c0ac5905f28b050b7df5a9ffd914b7e7 as process 18268
2024-06-18 19:48:26 0 [Note] InnoDB: Mutexes and rw_locks use Windows interlocked functions
2024-06-18 19:48:26 0 [Note] InnoDB: Uses event mutexes
2024-06-18 19:48:26 0 [Note] InnoDB: Compressed tables use zlib 1.2.12
2024-06-18 19:48:26 0 [Note] InnoDB: Number of pools: 1
2024-06-18 19:48:26 0 [Note] InnoDB: Using SSE2 crc32 instructions
2024-06-18 19:48:26 0 [Note] InnoDB: Initializing buffer pool, total size = 16M, instances = 1, chunk size = 16M
2024-06-18 19:48:26 0 [Note] InnoDB: Completed initialization of buffer pool
2024-06-18 19:48:26 0 [Note] InnoDB: Starting crash recovery from checkpoint LSN=1456176
2024-06-18 19:48:26 0 [Note] InnoDB: 128 out of 128 rollback segments are active.
2024-06-18 19:48:26 0 [Note] InnoDB: Removed temporary tablespace data file: "ibtmp1"
2024-06-18 19:48:26 0 [Note] InnoDB: Creating shared tablespace for temporary tables
2024-06-18 19:48:26 0 [Note] InnoDB: Setting file 'C:\Users\fortz\Desktop\Work\mysql\data\ibtmp1' size to 12 MB. Physically writing the file full; Please wait ...
2024-06-18 19:48:26 0 [Note] InnoDB: File 'C:\Users\fortz\Desktop\Work\mysql\data\ibtmp1' size is now 12 MB.
2024-06-18 19:48:26 0 [Note] InnoDB: Waiting for purge to start
2024-06-18 19:48:26 0 [Note] InnoDB: 10.4.28 started; log sequence number 1456185; transaction id 986
2024-06-18 19:48:26 0 [Note] InnoDB: Loading buffer pool(s) from C:\Users\fortz\Desktop\Work\mysql\data\ib_buffer_pool
2024-06-18 19:48:26 0 [Note] Plugin 'FEEDBACK' is disabled.
2024-06-18 19:48:26 0 [Note] Server socket created on IP: '::'.
2024-06-18 20:16:36 0 [Note] Starting MariaDB 10.4.28-MariaDB source revision c8f2e9a5c0ac5905f28b050b7df5a9ffd914b7e7 as process 20072
2024-06-18 20:16:36 0 [Note] InnoDB: Mutexes and rw_locks use Windows interlocked functions
2024-06-18 20:16:36 0 [Note] InnoDB: Uses event mutexes
2024-06-18 20:16:36 0 [Note] InnoDB: Compressed tables use zlib 1.2.12
2024-06-18 20:16:36 0 [Note] InnoDB: Number of pools: 1
2024-06-18 20:16:36 0 [Note] InnoDB: Using SSE2 crc32 instructions
2024-06-18 20:16:36 0 [Note] InnoDB: Initializing buffer pool, total size = 16M, instances = 1, chunk size = 16M
2024-06-18 20:16:36 0 [Note] InnoDB: Completed initialization of buffer pool
2024-06-18 20:16:36 0 [Note] InnoDB: Starting crash recovery from checkpoint LSN=1460306
2024-06-18 20:16:36 0 [Note] InnoDB: 128 out of 128 rollback segments are active.
2024-06-18 20:16:36 0 [Note] InnoDB: Removed temporary tablespace data file: "ibtmp1"
2024-06-18 20:16:36 0 [Note] InnoDB: Creating shared tablespace for temporary tables
2024-06-18 20:16:36 0 [Note] InnoDB: Setting file 'C:\Users\fortz\Desktop\Work\mysql\data\ibtmp1' size to 12 MB. Physically writing the file full; Please wait ...
2024-06-18 20:16:36 0 [Note] InnoDB: File 'C:\Users\fortz\Desktop\Work\mysql\data\ibtmp1' size is now 12 MB.
2024-06-18 20:16:36 0 [Note] InnoDB: Waiting for purge to start
2024-06-18 20:16:37 0 [Note] InnoDB: 10.4.28 started; log sequence number 1460315; transaction id 1016
2024-06-18 20:16:37 0 [Note] InnoDB: Loading buffer pool(s) from C:\Users\fortz\Desktop\Work\mysql\data\ib_buffer_pool
2024-06-18 20:16:37 0 [Note] Plugin 'FEEDBACK' is disabled.
2024-06-18 20:16:37 0 [Note] Server socket created on IP: '::'.
